
> driver-feedback-admin@1.0.0 dev
> vite


  VITE v5.4.21  ready in 338 ms

  ➜  Local:   http://localhost:5173/admin/
  ➜  Network: use --host to expose
8:40:06 PM [vite] http proxy error: /api/auth/login
AggregateError [ECONNREFUSED]:
    at internalConnectMultiple (node:net:1134:18)
    at afterConnectMultiple (node:net:1715:7)
8:42:52 PM [vite] http proxy error: /api/auth/login
AggregateError [ECONNREFUSED]:
    at internalConnectMultiple (node:net:1134:18)
    at afterConnectMultiple (node:net:1715:7)
8:44:03 PM [vite] http proxy error: /api/auth/login
AggregateError [ECONNREFUSED]:
    at internalConnectMultiple (node:net:1134:18)
    at afterConnectMultiple (node:net:1715:7)
8:45:15 PM [vite] http proxy error: /api/auth/login
AggregateError [ECONNREFUSED]:
    at internalConnectMultiple (node:net:1134:18)
    at afterConnectMultiple (node:net:1715:7)
8:46:45 PM [vite] http proxy error: /api/auth/login
AggregateError [ECONNREFUSED]:
    at internalConnectMultiple (node:net:1134:18)
    at afterConnectMultiple (node:net:1715:7)
9:09:40 PM [vite] hmr update /src/pages/AiFeaturesPage.jsx
9:10:42 PM [vite] http proxy error: /api/auth/login
AggregateError [ECONNREFUSED]:
    at internalConnectMultiple (node:net:1134:18)
    at afterConnectMultiple (node:net:1715:7)
9:11:44 PM [vite] http proxy error: /api/auth/login
AggregateError [ECONNREFUSED]:
    at internalConnectMultiple (node:net:1134:18)
    at afterConnectMultiple (node:net:1715:7)
9:14:19 PM [vite] http proxy error: /api/auth/login
AggregateError [ECONNREFUSED]:
    at internalConnectMultiple (node:net:1134:18)
    at afterConnectMultiple (node:net:1715:7)
